<?xml version="1.0" encoding="UTF-8"?>
<!-- Generated by org.testng.reporters.JUnitReportReporter -->
<testsuite hostname="INPUNWHP6094773" failures="0" tests="3" name="trial.PrintData" time="52.361" errors="0" timestamp="2020-07-12T10:40:14 IST" skipped="0">
  <testcase classname="trial.PrintData" name="PrintD" time="19.086"/>
  <system-out/>
  <testcase classname="trial.PrintData" name="PrintD" time="18.549"/>
  <system-out/>
  <testcase classname="trial.PrintData" name="PrintD" time="14.726"/>
  <system-out/>
</testsuite> <!-- trial.PrintData -->
