<?xml version="1.0" encoding="UTF-8"?>
<!-- Generated by org.testng.reporters.JUnitReportReporter -->
<testsuite hostname="INPUNWHP6094773" failures="0" tests="1" name="trial.PrintData" time="0.000" errors="0" timestamp="2020-07-11T18:16:50 IST" skipped="1">
  <testcase classname="trial.PrintData" name="PrintD" time="0.000">
    <skipped/>
  </testcase> <!-- PrintD -->
  <system-out/>
</testsuite> <!-- trial.PrintData -->
