<?xml version="1.0" encoding="UTF-8"?>
<!-- Generated by org.testng.reporters.JUnitReportReporter -->
<testsuite hostname="INPUNWHP6094773" failures="0" tests="3" name="trial.PrintData2" time="55.666" errors="0" timestamp="2020-07-11T19:07:38 IST" skipped="0">
  <testcase classname="trial.PrintData2" name="PrintD" time="19.114"/>
  <system-out/>
  <testcase classname="trial.PrintData2" name="PrintD" time="20.493"/>
  <system-out/>
  <testcase classname="trial.PrintData2" name="PrintD" time="16.059"/>
  <system-out/>
</testsuite> <!-- trial.PrintData2 -->
