<?xml version="1.0" encoding="UTF-8"?>
<!-- Generated by org.testng.reporters.JUnitReportReporter -->
<testsuite hostname="INPUNWHP6094773" failures="0" tests="3" name="trial.PrintData" time="49.548" errors="0" timestamp="2020-07-11T18:59:49 IST" skipped="0">
  <testcase classname="trial.PrintData" name="PrintD" time="17.125"/>
  <system-out/>
  <testcase classname="trial.PrintData" name="PrintD" time="16.510"/>
  <system-out/>
  <testcase classname="trial.PrintData" name="PrintD" time="15.913"/>
  <system-out/>
</testsuite> <!-- trial.PrintData -->
