<?xml version="1.0" encoding="UTF-8"?>
<!-- Generated by org.testng.reporters.JUnitReportReporter -->
<testsuite hostname="INPUNWHP6094773" failures="0" tests="3" name="trial.PrintData1" time="122.955" errors="0" timestamp="12 Jul 2020 04:27:16 GMT" skipped="0">
  <testcase classname="trial.PrintData1" name="PrintD" time="35.114"/>
  <testcase classname="trial.PrintData1" name="PrintD" time="39.986"/>
  <testcase classname="trial.PrintData1" name="PrintD" time="47.855"/>
</testsuite> <!-- trial.PrintData1 -->
