<?xml version="1.0" encoding="UTF-8"?>
<!-- Generated by org.testng.reporters.JUnitReportReporter -->
<testsuite hostname="INPUNWHP6094773" failures="0" tests="6" name="trial.PrintData" time="131.611" errors="0" timestamp="11 Jul 2020 11:31:07 GMT" skipped="0">
  <testcase classname="trial.PrintData" name="PrintD" time="22.023"/>
  <testcase classname="trial.PrintData" name="PrintD" time="18.988"/>
  <testcase classname="trial.PrintData" name="PrintD" time="14.798"/>
  <testcase classname="trial.PrintData" name="PrintD" time="26.211"/>
  <testcase classname="trial.PrintData" name="PrintD" time="34.129"/>
  <testcase classname="trial.PrintData" name="PrintD" time="15.462"/>
</testsuite> <!-- trial.PrintData -->
