<?xml version="1.0" encoding="UTF-8"?>
<!-- Generated by org.testng.reporters.JUnitReportReporter -->
<testsuite hostname="INPUNWHP6094773" failures="0" tests="3" name="trial.PrintData2" time="123.340" errors="0" timestamp="12 Jul 2020 04:27:16 GMT" skipped="0">
  <testcase classname="trial.PrintData2" name="PrintD" time="43.396"/>
  <testcase classname="trial.PrintData2" name="PrintD" time="48.536"/>
  <testcase classname="trial.PrintData2" name="PrintD" time="31.408"/>
</testsuite> <!-- trial.PrintData2 -->
