<?xml version="1.0" encoding="UTF-8"?>
<!-- Generated by org.testng.reporters.JUnitReportReporter -->
<testsuite hostname="INPUNWHP6094773" failures="0" tests="3" name="trial.PrintData3" time="63.833" errors="0" timestamp="2020-07-11T19:07:38 IST" skipped="0">
  <testcase classname="trial.PrintData3" name="PrintD" time="21.603"/>
  <system-out/>
  <testcase classname="trial.PrintData3" name="PrintD" time="23.333"/>
  <system-out/>
  <testcase classname="trial.PrintData3" name="PrintD" time="18.897"/>
  <system-out/>
</testsuite> <!-- trial.PrintData3 -->
