<?xml version="1.0" encoding="UTF-8"?>
<!-- Generated by org.testng.reporters.JUnitReportReporter -->
<testsuite hostname="INPUNWHP6094773" failures="0" tests="6" name="trial.PrintData" time="128.316" errors="0" timestamp="2020-07-11T16:57:04 IST" skipped="0">
  <testcase classname="trial.PrintData" name="PrintD" time="16.733"/>
  <system-out/>
  <testcase classname="trial.PrintData" name="PrintD" time="37.689"/>
  <system-out/>
  <testcase classname="trial.PrintData" name="PrintD" time="17.584"/>
  <system-out/>
  <testcase classname="trial.PrintData" name="PrintD" time="19.046"/>
  <system-out/>
  <testcase classname="trial.PrintData" name="PrintD" time="17.659"/>
  <system-out/>
  <testcase classname="trial.PrintData" name="PrintD" time="19.605"/>
  <system-out/>
</testsuite> <!-- trial.PrintData -->
